<?xml version="1.0" encoding="UTF-8"?>
<!-- Generated by org.testng.reporters.JUnitReportReporter -->
<testsuite hostname="EGY-W-061" failures="0" tests="1" name="test" time="10.810" errors="0" timestamp="2025-06-24T17:02:33 EEST" skipped="0">
  <testcase classname="test" name="case1" time="10.810"/>
</testsuite> <!-- test -->
